[ 2017-12-12T17:11:02+08:00 ] ::1 /php/zhangqie/index.php/Admin/Public/checkLogin.html
INFO: [ app_begin ] --START--
INFO: Run Behavior\ReadHtmlCacheBehavior [ RunTime:0.000316s ]
INFO: [ app_begin ] --END-- [ RunTime:0.000575s ]

[ 2017-12-12T17:11:10+08:00 ] ::1 /php/zhangqie/index.php/Admin/Public/checkLogin.html
INFO: [ app_begin ] --START--
INFO: Run Behavior\ReadHtmlCacheBehavior [ RunTime:0.000326s ]
INFO: [ app_begin ] --END-- [ RunTime:0.000607s ]

[ 2017-12-12T17:20:27+08:00 ] ::1 /php/zhangqie/index.php/Admin/Public/checkLogin.html
INFO: [ app_begin ] --START--
INFO: Run Behavior\ReadHtmlCacheBehavior [ RunTime:0.000439s ]
INFO: [ app_begin ] --END-- [ RunTime:0.000727s ]
SQL: SHOW COLUMNS FROM `zq_admin` [ RunTime:0.0064s ]
ERR: 1054:Unknown column 'zhangqie' in 'where clause'
 [ SQL语句 ] : SELECT * FROM `zq_admin` WHERE ( username=zhangqie ) LIMIT 1  
ERR: 1054:Unknown column 'zhangqie' in 'where clause'
 [ SQL语句 ] : SELECT * FROM `zq_admin` WHERE ( username=zhangqie ) LIMIT 1  

[ 2017-12-12T17:20:43+08:00 ] ::1 /php/zhangqie/index.php/Admin/Public/checkLogin.html
INFO: [ app_begin ] --START--
INFO: Run Behavior\ReadHtmlCacheBehavior [ RunTime:0.000622s ]
INFO: [ app_begin ] --END-- [ RunTime:0.001032s ]
SQL: SHOW COLUMNS FROM `zq_admin` [ RunTime:0.0128s ]
ERR: 1054:Unknown column 'zhangqie' in 'where clause'
 [ SQL语句 ] : SELECT * FROM `zq_admin` WHERE ( username=zhangqie ) LIMIT 1  
ERR: 1054:Unknown column 'zhangqie' in 'where clause'
 [ SQL语句 ] : SELECT * FROM `zq_admin` WHERE ( username=zhangqie ) LIMIT 1  

[ 2017-12-12T17:20:44+08:00 ] ::1 /php/zhangqie/index.php/Admin/Public/checkLogin.html
INFO: [ app_begin ] --START--
INFO: Run Behavior\ReadHtmlCacheBehavior [ RunTime:0.000559s ]
INFO: [ app_begin ] --END-- [ RunTime:0.000991s ]
SQL: SHOW COLUMNS FROM `zq_admin` [ RunTime:0.0089s ]
ERR: 1054:Unknown column 'zhangqie' in 'where clause'
 [ SQL语句 ] : SELECT * FROM `zq_admin` WHERE ( username=zhangqie ) LIMIT 1  
ERR: 1054:Unknown column 'zhangqie' in 'where clause'
 [ SQL语句 ] : SELECT * FROM `zq_admin` WHERE ( username=zhangqie ) LIMIT 1  

[ 2017-12-12T17:20:45+08:00 ] ::1 /php/zhangqie/index.php/Admin/Public/checkLogin.html
INFO: [ app_begin ] --START--
INFO: Run Behavior\ReadHtmlCacheBehavior [ RunTime:0.001133s ]
INFO: [ app_begin ] --END-- [ RunTime:0.001660s ]
SQL: SHOW COLUMNS FROM `zq_admin` [ RunTime:0.0113s ]
ERR: 1054:Unknown column 'zhangqie' in 'where clause'
 [ SQL语句 ] : SELECT * FROM `zq_admin` WHERE ( username=zhangqie ) LIMIT 1  
ERR: 1054:Unknown column 'zhangqie' in 'where clause'
 [ SQL语句 ] : SELECT * FROM `zq_admin` WHERE ( username=zhangqie ) LIMIT 1  

[ 2017-12-12T17:20:46+08:00 ] ::1 /php/zhangqie/index.php/Admin/Public/checkLogin.html
INFO: [ app_begin ] --START--
INFO: Run Behavior\ReadHtmlCacheBehavior [ RunTime:0.001090s ]
INFO: [ app_begin ] --END-- [ RunTime:0.001757s ]
SQL: SHOW COLUMNS FROM `zq_admin` [ RunTime:0.0069s ]
ERR: 1054:Unknown column 'zhangqie' in 'where clause'
 [ SQL语句 ] : SELECT * FROM `zq_admin` WHERE ( username=zhangqie ) LIMIT 1  
ERR: 1054:Unknown column 'zhangqie' in 'where clause'
 [ SQL语句 ] : SELECT * FROM `zq_admin` WHERE ( username=zhangqie ) LIMIT 1  

[ 2017-12-12T17:20:47+08:00 ] ::1 /php/zhangqie/index.php/Admin/Public/checkLogin.html
INFO: [ app_begin ] --START--
INFO: Run Behavior\ReadHtmlCacheBehavior [ RunTime:0.000449s ]
INFO: [ app_begin ] --END-- [ RunTime:0.000698s ]
SQL: SHOW COLUMNS FROM `zq_admin` [ RunTime:0.0063s ]
ERR: 1054:Unknown column 'zhangqie' in 'where clause'
 [ SQL语句 ] : SELECT * FROM `zq_admin` WHERE ( username=zhangqie ) LIMIT 1  
ERR: 1054:Unknown column 'zhangqie' in 'where clause'
 [ SQL语句 ] : SELECT * FROM `zq_admin` WHERE ( username=zhangqie ) LIMIT 1  

[ 2017-12-12T17:20:48+08:00 ] ::1 /php/zhangqie/index.php/Admin/Public/checkLogin.html
INFO: [ app_begin ] --START--
INFO: Run Behavior\ReadHtmlCacheBehavior [ RunTime:0.000388s ]
INFO: [ app_begin ] --END-- [ RunTime:0.000655s ]
SQL: SHOW COLUMNS FROM `zq_admin` [ RunTime:0.0051s ]
ERR: 1054:Unknown column 'zhangqie' in 'where clause'
 [ SQL语句 ] : SELECT * FROM `zq_admin` WHERE ( username=zhangqie ) LIMIT 1  
ERR: 1054:Unknown column 'zhangqie' in 'where clause'
 [ SQL语句 ] : SELECT * FROM `zq_admin` WHERE ( username=zhangqie ) LIMIT 1  

[ 2017-12-12T17:20:55+08:00 ] ::1 /php/zhangqie/index.php/Admin/Public/checkLogin.html
INFO: [ app_begin ] --START--
INFO: Run Behavior\ReadHtmlCacheBehavior [ RunTime:0.000774s ]
INFO: [ app_begin ] --END-- [ RunTime:0.001346s ]
SQL: SHOW COLUMNS FROM `zq_admin` [ RunTime:0.0041s ]
ERR: 1054:Unknown column 'zhangqie' in 'where clause'
 [ SQL语句 ] : SELECT * FROM `zq_admin` WHERE ( username=zhangqie ) LIMIT 1  
ERR: 1054:Unknown column 'zhangqie' in 'where clause'
 [ SQL语句 ] : SELECT * FROM `zq_admin` WHERE ( username=zhangqie ) LIMIT 1  

[ 2017-12-12T17:20:56+08:00 ] ::1 /php/zhangqie/index.php/Admin/Public/checkLogin.html
INFO: [ app_begin ] --START--
INFO: Run Behavior\ReadHtmlCacheBehavior [ RunTime:0.000895s ]
INFO: [ app_begin ] --END-- [ RunTime:0.001460s ]
SQL: SHOW COLUMNS FROM `zq_admin` [ RunTime:0.0090s ]
ERR: 1054:Unknown column 'zhangqie' in 'where clause'
 [ SQL语句 ] : SELECT * FROM `zq_admin` WHERE ( username=zhangqie ) LIMIT 1  
ERR: 1054:Unknown column 'zhangqie' in 'where clause'
 [ SQL语句 ] : SELECT * FROM `zq_admin` WHERE ( username=zhangqie ) LIMIT 1  

[ 2017-12-12T17:20:57+08:00 ] ::1 /php/zhangqie/index.php/Admin/Public/checkLogin.html
INFO: [ app_begin ] --START--
INFO: Run Behavior\ReadHtmlCacheBehavior [ RunTime:0.000890s ]
INFO: [ app_begin ] --END-- [ RunTime:0.001359s ]
SQL: SHOW COLUMNS FROM `zq_admin` [ RunTime:0.0088s ]
ERR: 1054:Unknown column 'zhangqie' in 'where clause'
 [ SQL语句 ] : SELECT * FROM `zq_admin` WHERE ( username=zhangqie ) LIMIT 1  
ERR: 1054:Unknown column 'zhangqie' in 'where clause'
 [ SQL语句 ] : SELECT * FROM `zq_admin` WHERE ( username=zhangqie ) LIMIT 1  

[ 2017-12-12T17:20:58+08:00 ] ::1 /php/zhangqie/index.php/Admin/Public/checkLogin.html
INFO: [ app_begin ] --START--
INFO: Run Behavior\ReadHtmlCacheBehavior [ RunTime:0.001336s ]
INFO: [ app_begin ] --END-- [ RunTime:0.002054s ]
SQL: SHOW COLUMNS FROM `zq_admin` [ RunTime:0.0099s ]
ERR: 1054:Unknown column 'zhangqie' in 'where clause'
 [ SQL语句 ] : SELECT * FROM `zq_admin` WHERE ( username=zhangqie ) LIMIT 1  
ERR: 1054:Unknown column 'zhangqie' in 'where clause'
 [ SQL语句 ] : SELECT * FROM `zq_admin` WHERE ( username=zhangqie ) LIMIT 1  

[ 2017-12-12T17:20:59+08:00 ] ::1 /php/zhangqie/index.php/Admin/Public/checkLogin.html
INFO: [ app_begin ] --START--
INFO: Run Behavior\ReadHtmlCacheBehavior [ RunTime:0.000707s ]
INFO: [ app_begin ] --END-- [ RunTime:0.001304s ]
SQL: SHOW COLUMNS FROM `zq_admin` [ RunTime:0.0072s ]
ERR: 1054:Unknown column 'zhangqie' in 'where clause'
 [ SQL语句 ] : SELECT * FROM `zq_admin` WHERE ( username=zhangqie ) LIMIT 1  
ERR: 1054:Unknown column 'zhangqie' in 'where clause'
 [ SQL语句 ] : SELECT * FROM `zq_admin` WHERE ( username=zhangqie ) LIMIT 1  

[ 2017-12-12T17:21:35+08:00 ] ::1 /php/zhangqie/index.php/Admin/Public/checkLogin.html
INFO: [ app_begin ] --START--
INFO: Run Behavior\ReadHtmlCacheBehavior [ RunTime:0.000449s ]
INFO: [ app_begin ] --END-- [ RunTime:0.000811s ]
SQL: SHOW COLUMNS FROM `zq_admin` [ RunTime:0.0120s ]
SQL: SELECT * FROM `zq_admin` WHERE ( username='zhangqie' ) LIMIT 1   [ RunTime:0.0010s ]

[ 2017-12-12T17:21:36+08:00 ] ::1 /php/zhangqie/index.php/Admin/Public/checkLogin.html
INFO: [ app_begin ] --START--
INFO: Run Behavior\ReadHtmlCacheBehavior [ RunTime:0.000748s ]
INFO: [ app_begin ] --END-- [ RunTime:0.001349s ]
SQL: SHOW COLUMNS FROM `zq_admin` [ RunTime:0.0100s ]
SQL: SELECT * FROM `zq_admin` WHERE ( username='zhangqie' ) LIMIT 1   [ RunTime:0.0079s ]

[ 2017-12-12T17:21:37+08:00 ] ::1 /php/zhangqie/index.php/Admin/Public/checkLogin.html
INFO: [ app_begin ] --START--
INFO: Run Behavior\ReadHtmlCacheBehavior [ RunTime:0.000916s ]
INFO: [ app_begin ] --END-- [ RunTime:0.001373s ]
SQL: SHOW COLUMNS FROM `zq_admin` [ RunTime:0.0117s ]
SQL: SELECT * FROM `zq_admin` WHERE ( username='zhangqie' ) LIMIT 1   [ RunTime:0.0009s ]

[ 2017-12-12T17:21:38+08:00 ] ::1 /php/zhangqie/index.php/Admin/Public/checkLogin.html
INFO: [ app_begin ] --START--
INFO: Run Behavior\ReadHtmlCacheBehavior [ RunTime:0.000975s ]
INFO: [ app_begin ] --END-- [ RunTime:0.001311s ]
SQL: SHOW COLUMNS FROM `zq_admin` [ RunTime:0.0070s ]
SQL: SELECT * FROM `zq_admin` WHERE ( username='zhangqie' ) LIMIT 1   [ RunTime:0.0006s ]

[ 2017-12-12T17:22:22+08:00 ] ::1 /php/zhangqie/index.php/Admin/Public/checkLogin.html
INFO: [ app_begin ] --START--
INFO: Run Behavior\ReadHtmlCacheBehavior [ RunTime:0.001529s ]
INFO: [ app_begin ] --END-- [ RunTime:0.002264s ]
SQL: SHOW COLUMNS FROM `zq_admin` [ RunTime:0.0087s ]
SQL: SELECT * FROM `zq_admin` WHERE ( username='zhangqie' ) LIMIT 1   [ RunTime:0.0008s ]

[ 2017-12-12T17:23:23+08:00 ] ::1 /php/zhangqie/index.php/Admin/Public/checkLogin.html
INFO: [ app_begin ] --START--
INFO: Run Behavior\ReadHtmlCacheBehavior [ RunTime:0.000510s ]
INFO: [ app_begin ] --END-- [ RunTime:0.000810s ]
SQL: SHOW COLUMNS FROM `zq_admin` [ RunTime:0.0049s ]
SQL: SELECT * FROM `zq_admin` WHERE `username` = 'zhangqie' LIMIT 1   [ RunTime:0.0012s ]

