[ 2017-12-29T09:15:05+08:00 ] ::1 /php/zhangqie/index.php/Admin/Public/checkLogin.html
INFO: [ app_begin ] --START--
INFO: Run Behavior\ReadHtmlCacheBehavior [ RunTime:0.001334s ]
INFO: [ app_begin ] --END-- [ RunTime:0.001914s ]

[ 2017-12-29T09:15:15+08:00 ] ::1 /php/zhangqie/index.php/Admin/Public/checkLogin.html
INFO: [ app_begin ] --START--
INFO: Run Behavior\ReadHtmlCacheBehavior [ RunTime:0.001685s ]
INFO: [ app_begin ] --END-- [ RunTime:0.002409s ]
SQL: SHOW COLUMNS FROM `zq_admin` [ RunTime:0.0428s ]
SQL: SELECT * FROM `zq_admin` WHERE `username` = 'zhangqie' LIMIT 1   [ RunTime:0.0006s ]
NOTIC: [2] Invalid argument supplied for foreach() E:\Web\zendstudio\Apache\htdocs\php\zhangqie\ThinkPHP\Library\Think\Db\Driver.class.php 第 504 行.
SQL: UPDATE `zq_admin` SET `ip`='::1',`logintime`='2017-12-29 09:15:15' [ RunTime:0.0738s ]

[ 2017-12-29T09:29:07+08:00 ] ::1 /php/zhangqie/index.php/Admin/Datalist/delAll.html
INFO: [ app_begin ] --START--
INFO: Run Behavior\ReadHtmlCacheBehavior [ RunTime:0.000602s ]
INFO: [ app_begin ] --END-- [ RunTime:0.000987s ]
ERR: 非法操作:delAll

[ 2017-12-29T09:29:10+08:00 ] ::1 /php/zhangqie/index.php/Admin/Datalist/delAll.html
INFO: [ app_begin ] --START--
INFO: Run Behavior\ReadHtmlCacheBehavior [ RunTime:0.000649s ]
INFO: [ app_begin ] --END-- [ RunTime:0.001091s ]
ERR: 非法操作:delAll

[ 2017-12-29T09:29:10+08:00 ] ::1 /php/zhangqie/index.php/Admin/Datalist/delAll.html
INFO: [ app_begin ] --START--
INFO: Run Behavior\ReadHtmlCacheBehavior [ RunTime:0.000390s ]
INFO: [ app_begin ] --END-- [ RunTime:0.000651s ]
ERR: 非法操作:delAll

[ 2017-12-29T09:35:16+08:00 ] ::1 /php/zhangqie/index.php/Admin/Datalist/add.html
ERR: 1146:Table 'db_zhangqie.zq_project' doesn't exist
 [ SQL语句 ] : SHOW COLUMNS FROM `zq_project`

[ 2017-12-29T09:39:54+08:00 ] ::1 /php/zhangqie/index.php/Admin/Datalist/add.html
ERR: 1146:Table 'db_zhangqie.zq_project' doesn't exist
 [ SQL语句 ] : SHOW COLUMNS FROM `zq_project`

[ 2017-12-29T09:42:00+08:00 ] ::1 /php/zhangqie/index.php/Admin/HighLevel/lists.html
ERR: 无法加载控制器:HighLevel

[ 2017-12-29T09:57:35+08:00 ] ::1 /php/zhangqie/index.php/Admin/Type/add.html
ERR: 非法操作:add

[ 2017-12-29T10:31:05+08:00 ] ::1 /php/zhangqie/index.php/Admin/Type/add.html
ERR: 1054:Unknown column 'PHP' in 'where clause'
 [ SQL语句 ] : SELECT * FROM `zq_type` WHERE ( type=PHP ) LIMIT 1  

[ 2017-12-29T11:27:02+08:00 ] ::1 /php/zhangqie/index.php/Admin/Type/index.html
ERR: Think\Controller:orderTracesSubByJson方法不存在！

[ 2017-12-29T18:06:45+08:00 ] ::1 /php/zhangqie/index.php/Admin/Public/checkLogin.html
INFO: [ app_begin ] --START--
INFO: Run Behavior\ReadHtmlCacheBehavior [ RunTime:0.000587s ]
INFO: [ app_begin ] --END-- [ RunTime:0.001149s ]
SQL: SHOW COLUMNS FROM `zq_admin` [ RunTime:0.0080s ]
SQL: SELECT * FROM `zq_admin` WHERE `username` = 'zhangqie' LIMIT 1   [ RunTime:0.0004s ]

[ 2017-12-29T18:06:58+08:00 ] ::1 /php/zhangqie/index.php/Admin/Public/checkLogin.html
INFO: [ app_begin ] --START--
INFO: Run Behavior\ReadHtmlCacheBehavior [ RunTime:0.000335s ]
INFO: [ app_begin ] --END-- [ RunTime:0.000608s ]
SQL: SHOW COLUMNS FROM `zq_admin` [ RunTime:0.0144s ]
SQL: SELECT * FROM `zq_admin` WHERE `username` = 'zhangqie' LIMIT 1   [ RunTime:0.0007s ]

[ 2017-12-29T18:07:09+08:00 ] ::1 /php/zhangqie/index.php/Admin/Public/checkLogin.html
INFO: [ app_begin ] --START--
INFO: Run Behavior\ReadHtmlCacheBehavior [ RunTime:0.000577s ]
INFO: [ app_begin ] --END-- [ RunTime:0.001059s ]
SQL: SHOW COLUMNS FROM `zq_admin` [ RunTime:0.0270s ]
SQL: SELECT * FROM `zq_admin` WHERE `username` = 'zhangqie' LIMIT 1   [ RunTime:0.0008s ]
NOTIC: [2] Invalid argument supplied for foreach() E:\Web\zendstudio\Apache\htdocs\php\zhangqie\ThinkPHP\Library\Think\Db\Driver.class.php 第 504 行.
SQL: UPDATE `zq_admin` SET `ip`='::1',`logintime`='2017-12-29 18:07:09' [ RunTime:0.0750s ]

