[ 2018-01-04T09:59:37+08:00 ] ::1 /php/zhangqie/index.php/Admin/Public/checkLogin.html
INFO: [ app_begin ] --START--
INFO: Run Behavior\ReadHtmlCacheBehavior [ RunTime:0.000674s ]
INFO: [ app_begin ] --END-- [ RunTime:0.001187s ]
SQL: SHOW COLUMNS FROM `zq_admin` [ RunTime:0.0369s ]
SQL: SELECT * FROM `zq_admin` WHERE `username` = 'zhangqie' LIMIT 1   [ RunTime:0.0008s ]
SQL: UPDATE `zq_admin` SET `ip`='::1',`logintime`='2018-01-04 09:59:37' WHERE `id` = 1 [ RunTime:0.0367s ]

[ 2018-01-04T10:00:15+08:00 ] ::1 /php/zhangqie/index.php/Admin/Index/changePassword.html
INFO: [ app_begin ] --START--
INFO: Run Behavior\ReadHtmlCacheBehavior [ RunTime:0.000426s ]
INFO: [ app_begin ] --END-- [ RunTime:0.000682s ]
INFO: [ view_parse ] --START--
NOTIC: [2] file_get_contents(./Application/Admin/View/Common/admin/footer.html): failed to open stream: No such file or directory E:\Web\zendstudio\Apache\htdocs\php\zhangqie\ThinkPHP\Library\Think\Template.class.php 第 696 行.
INFO: [ template_filter ] --START--
INFO: Run Behavior\ContentReplaceBehavior [ RunTime:0.000067s ]
INFO: [ template_filter ] --END-- [ RunTime:0.000108s ]
NOTIC: [8] Undefined index: adminid E:\Web\zendstudio\Apache\htdocs\php\zhangqie\Application\Runtime\Cache\Admin\0d21bad3722b8af54c9cc4d783610120.php 第 71 行.
INFO: Run Behavior\ParseTemplateBehavior [ RunTime:0.008507s ]
INFO: [ view_parse ] --END-- [ RunTime:0.008588s ]
INFO: [ view_filter ] --START--
INFO: Run Behavior\WriteHtmlCacheBehavior [ RunTime:0.000715s ]
INFO: [ view_filter ] --END-- [ RunTime:0.000751s ]
INFO: [ app_end ] --START--
INFO: Run Behavior\ShowPageTraceBehavior [ RunTime:0.000997s ]
INFO: [ app_end ] --END-- [ RunTime:0.001039s ]

[ 2018-01-04T11:15:54+08:00 ] ::1 /php/zhangqie/index.php/Admin/Index/changePassword.html
INFO: [ app_begin ] --START--
INFO: Run Behavior\ReadHtmlCacheBehavior [ RunTime:0.000462s ]
INFO: [ app_begin ] --END-- [ RunTime:0.000725s ]
SQL: SHOW COLUMNS FROM `zq_admin` [ RunTime:0.0084s ]
SQL: SELECT * FROM `zq_admin` WHERE ( id=1 ) LIMIT 1   [ RunTime:0.0007s ]

[ 2018-01-04T11:16:32+08:00 ] ::1 /php/zhangqie/index.php/Admin/Index/changePassword.html
INFO: [ app_begin ] --START--
INFO: Run Behavior\ReadHtmlCacheBehavior [ RunTime:0.000479s ]
INFO: [ app_begin ] --END-- [ RunTime:0.000826s ]
SQL: SHOW COLUMNS FROM `zq_admin` [ RunTime:0.0101s ]
SQL: SELECT * FROM `zq_admin` WHERE ( id=1 ) LIMIT 1   [ RunTime:0.0012s ]

[ 2018-01-04T11:17:02+08:00 ] ::1 /php/zhangqie/index.php/Admin/Index/changePassword.html
INFO: [ app_begin ] --START--
INFO: Run Behavior\ReadHtmlCacheBehavior [ RunTime:0.000764s ]
INFO: [ app_begin ] --END-- [ RunTime:0.001304s ]
SQL: SHOW COLUMNS FROM `zq_admin` [ RunTime:0.0068s ]
SQL: SELECT * FROM `zq_admin` WHERE ( id=1 ) LIMIT 1   [ RunTime:0.0006s ]
SQL: UPDATE `zq_admin` SET `password`='96e79218965eb72c92a549dd5a330112' WHERE ( id=1 ) [ RunTime:0.0408s ]

[ 2018-01-04T11:17:21+08:00 ] ::1 /php/zhangqie/index.php/Admin/Public/checkLogin.html
INFO: [ app_begin ] --START--
INFO: Run Behavior\ReadHtmlCacheBehavior [ RunTime:0.000743s ]
INFO: [ app_begin ] --END-- [ RunTime:0.001284s ]
SQL: SHOW COLUMNS FROM `zq_admin` [ RunTime:0.0086s ]
SQL: SELECT * FROM `zq_admin` WHERE `username` = 'zhangqie' LIMIT 1   [ RunTime:0.0008s ]
SQL: UPDATE `zq_admin` SET `ip`='::1',`logintime`='2018-01-04 11:17:21' WHERE `id` = 1 [ RunTime:0.0340s ]

[ 2018-01-04T11:17:38+08:00 ] ::1 /php/zhangqie/index.php/Admin/Index/changePassword.html
INFO: [ app_begin ] --START--
INFO: Run Behavior\ReadHtmlCacheBehavior [ RunTime:0.000443s ]
INFO: [ app_begin ] --END-- [ RunTime:0.000696s ]
SQL: SHOW COLUMNS FROM `zq_admin` [ RunTime:0.0088s ]
SQL: SELECT * FROM `zq_admin` WHERE ( id=1 ) LIMIT 1   [ RunTime:0.0011s ]
SQL: UPDATE `zq_admin` SET `password`='e10adc3949ba59abbe56e057f20f883e' WHERE ( id=1 ) [ RunTime:0.0397s ]

[ 2018-01-04T11:44:35+08:00 ] ::1 /php/zhangqie/index.php/Admin/Message/delete/id/3.html
INFO: [ app_begin ] --START--
INFO: Run Behavior\ReadHtmlCacheBehavior [ RunTime:0.000819s ]
INFO: [ app_begin ] --END-- [ RunTime:0.001543s ]
SQL: SHOW COLUMNS FROM `zq_message` [ RunTime:0.0086s ]
SQL: DELETE FROM `zq_message` WHERE ( id=3 ) [ RunTime:0.0655s ]

[ 2018-01-04T15:22:09+08:00 ] ::1 /php/zhangqie/index.php/Admin/Public/checkLogin.html
INFO: [ app_begin ] --START--
INFO: Run Behavior\ReadHtmlCacheBehavior [ RunTime:0.000381s ]
INFO: [ app_begin ] --END-- [ RunTime:0.000738s ]
SQL: SHOW COLUMNS FROM `zq_admin` [ RunTime:0.0093s ]
SQL: SELECT * FROM `zq_admin` WHERE `username` = 'zhangqie' LIMIT 1   [ RunTime:0.0008s ]
SQL: UPDATE `zq_admin` SET `ip`='::1',`logintime`='2018-01-04 15:22:09' WHERE `id` = 1 [ RunTime:0.0372s ]

